<?xml version="1.0" encoding="UTF-8"?>
<testsuite xmlns:xsi="http://www.w3.org/2001/XMLSchema-instance" xsi:noNamespaceSchemaLocation="https://maven.apache.org/surefire/maven-surefire-plugin/xsd/surefire-test-report-3.0.xsd" version="3.0" name="lt.code.academy.MainTest" time="0.019" tests="3" errors="0" skipped="0" failures="0">
  <properties>
[...]
</properties>
  <testcase name="testForExceptionWhenOneOfArgsIsEmpty" classname="lt.code.academy.MainTest" time="0.012"/>
  <testcase name="testForExceptionWhenArgsIsEmpty" classname="lt.code.academy.MainTest" time="0.003"/>
  <testcase name="testForExceptionWhenArgsIsNull" classname="lt.code.academy.MainTest" time="0.002"/>
</testsuite>